<?xml version="1.0" encoding="UTF-8"?>
<!-- Generated by org.testng.reporters.JUnitReportReporter -->
<testsuite hostname="hp" name="login3Users.TwoDimensionalArray" tests="3" failures="0" timestamp="12 Jun 2019 16:53:18 GMT" time="17.711" errors="0">
  <testcase name="loginwithValidds" time="5.778" classname="login3Users.TwoDimensionalArray"/>
  <testcase name="loginwithValidds" time="6.075" classname="login3Users.TwoDimensionalArray"/>
  <testcase name="loginwithValidds" time="5.858" classname="login3Users.TwoDimensionalArray"/>
</testsuite> <!-- login3Users.TwoDimensionalArray -->
