<?xml version="1.0" encoding="UTF-8"?>
<!-- Generated by org.testng.reporters.JUnitReportReporter -->
<testsuite hostname="hp" name="testNG_demo.Mercurytours_Test" tests="1" failures="0" timestamp="11 Jun 2019 12:39:25 GMT" time="4.117" errors="0">
  <testcase name="loginWithValidds" time="4.117" classname="testNG_demo.Mercurytours_Test"/>
</testsuite> <!-- testNG_demo.Mercurytours_Test -->
