<?xml version="1.0" encoding="UTF-8"?>
<!-- Generated by org.testng.reporters.JUnitReportReporter -->
<testsuite hostname="hp" name="testNG_demo.NewTest" tests="1" failures="0" timestamp="11 Jun 2019 11:18:16 GMT" time="0.010" errors="0">
  <testcase name="f" time="0.010" classname="testNG_demo.NewTest"/>
</testsuite> <!-- testNG_demo.NewTest -->
