<?xml version="1.0" encoding="UTF-8"?>
<!-- Generated by org.testng.reporters.JUnitReportReporter -->
<testsuite hostname="hp" name="testNG_demo.TestNG_DmoTest" tests="1" failures="0" timestamp="11 Jun 2019 12:39:25 GMT" time="0.001" errors="0">
  <testcase name="f" time="0.001" classname="testNG_demo.TestNG_DmoTest"/>
</testsuite> <!-- testNG_demo.TestNG_DmoTest -->
