<?xml version="1.0" encoding="UTF-8"?>
<!-- Generated by org.testng.reporters.JUnitReportReporter -->
<testsuite hostname="hp" name="register10Users.RegistrationMercuryTours" tests="10" failures="0" timestamp="14 Jun 2019 05:48:22 GMT" time="80.827" errors="0">
  <testcase name="registerWithValidds" time="12.635" classname="register10Users.RegistrationMercuryTours"/>
  <testcase name="registerWithValidds" time="10.610" classname="register10Users.RegistrationMercuryTours"/>
  <testcase name="registerWithValidds" time="8.349" classname="register10Users.RegistrationMercuryTours"/>
  <testcase name="registerWithValidds" time="7.234" classname="register10Users.RegistrationMercuryTours"/>
  <testcase name="registerWithValidds" time="7.360" classname="register10Users.RegistrationMercuryTours"/>
  <testcase name="registerWithValidds" time="7.042" classname="register10Users.RegistrationMercuryTours"/>
  <testcase name="registerWithValidds" time="7.035" classname="register10Users.RegistrationMercuryTours"/>
  <testcase name="registerWithValidds" time="6.745" classname="register10Users.RegistrationMercuryTours"/>
  <testcase name="registerWithValidds" time="6.773" classname="register10Users.RegistrationMercuryTours"/>
  <testcase name="registerWithValidds" time="7.044" classname="register10Users.RegistrationMercuryTours"/>
</testsuite> <!-- register10Users.RegistrationMercuryTours -->
